0 info it worked if it ends with ok
1 verbose cli [ 'c:\\Program Files\\nodejs\\node.exe',
1 verbose cli   'c:\\Program Files\\nodejs\\node_modules\\npm\\bin\\npm-cli.js',
1 verbose cli   'run',
1 verbose cli   'build' ]
2 info using npm@1.4.14
3 info using node@v0.10.29
4 verbose run-script [ 'prebuild', 'build', 'postbuild' ]
5 info prebuild proj1@0.0.1
6 info build proj1@0.0.1
7 verbose unsafe-perm in lifecycle true
8 info proj1@0.0.1 Failed to exec build script
9 error proj1@0.0.1 build: `gulp`
9 error Exit status 8
10 error Failed at the proj1@0.0.1 build script.
10 error This is most likely a problem with the proj1 package,
10 error not with npm itself.
10 error Tell the author that this fails on your system:
10 error     gulp
10 error You can get their info via:
10 error     npm owner ls proj1
10 error There is likely additional logging output above.
11 error System Windows_NT 6.1.7600
12 error command "c:\\Program Files\\nodejs\\node.exe" "c:\\Program Files\\nodejs\\node_modules\\npm\\bin\\npm-cli.js" "run" "build"
13 error cwd D:\work\proj1
14 error node -v v0.10.29
15 error npm -v 1.4.14
16 error code ELIFECYCLE
17 verbose exit [ 1, true ]
